c:\github\eigen\hw5\x64\debug\vc143.pdb
c:\github\eigen\hw5\x64\debug\vc143.idb
c:\github\eigen\hw5\x64\debug\tiff.obj
c:\github\eigen\hw5\x64\debug\surrogatefunctionexample.obj
c:\github\eigen\hw5\x64\debug\solveexample.obj
c:\github\eigen\hw5\x64\debug\solve.obj
c:\github\eigen\hw5\x64\debug\randlib.obj
c:\github\eigen\hw5\x64\debug\qggmrf.obj
c:\github\eigen\hw5\x64\debug\pixel.obj
c:\github\eigen\hw5\x64\debug\linkedlist.obj
c:\github\eigen\hw5\x64\debug\imagereadwriteexample.obj
c:\github\eigen\hw5\x64\debug\iirfilter.obj
c:\github\eigen\hw5\x64\debug\firlowpassfilter.obj
c:\github\eigen\hw5\x64\debug\connectedset.obj
c:\github\eigen\hw5\x64\debug\allocate.obj
c:\github\eigen\hw5\x64\debug\hw5.pdb
c:\github\eigen\hw5\x64\debug\hw5.tlog\cl.command.1.tlog
c:\github\eigen\hw5\x64\debug\hw5.tlog\cl.read.1.tlog
c:\github\eigen\hw5\x64\debug\hw5.tlog\cl.write.1.tlog
c:\github\eigen\hw5\x64\debug\hw5.tlog\link-cvtres.read.1.tlog
c:\github\eigen\hw5\x64\debug\hw5.tlog\link-cvtres.write.1.tlog
c:\github\eigen\hw5\x64\debug\hw5.tlog\link-rc.read.1.tlog
c:\github\eigen\hw5\x64\debug\hw5.tlog\link-rc.write.1.tlog
c:\github\eigen\hw5\x64\debug\hw5.tlog\link.command.1.tlog
c:\github\eigen\hw5\x64\debug\hw5.tlog\link.read.1.tlog
c:\github\eigen\hw5\x64\debug\hw5.tlog\link.read.2.tlog
c:\github\eigen\hw5\x64\debug\hw5.tlog\link.write.1.tlog
